10:31:12.452 [main                     ] DEBUG Logger               - Configured Logger
10:31:12.470 [main                     ] DEBUG GameApplication      - Logging settings
Title: Untitled
Version: 0.0
Width: 800
Height: 600
Fullscreen: false
Intro: false
Profiling: false
Single step:false
App Mode: DEVELOPER
Menu Key: ESCAPE
Stage Style: DECORATED
Scene Factory: class com.almasb.fxgl.app.scene.SceneFactory

10:31:12.831 [JavaFX Application Thread] DEBUG FXGLApplication      - Initializing FXGL
10:31:12.836 [JavaFX Application Thread] INFO  Engine               - FXGL-25+dev-SNAPSHOT (07.02.2025 18.22) on WINDOWS (J:23.0.2 FX:21.0.1)
10:31:12.836 [JavaFX Application Thread] DEBUG Engine               - JRE Vendor Name: Oracle Corporation
10:31:12.837 [JavaFX Application Thread] DEBUG Engine               - Running on OS: Windows 10 version 10.0
10:31:12.837 [JavaFX Application Thread] DEBUG Engine               - Architecture: amd64
10:31:12.837 [JavaFX Application Thread] INFO  Engine               - Source code and latest versions at: https://github.com/AlmasB/FXGL
10:31:12.837 [JavaFX Application Thread] INFO  Engine               -       Ask questions and discuss at: https://github.com/AlmasB/FXGL/discussions
10:31:12.940 [JavaFX Application Thread] DEBUG PrimaryStageWindow   - Creating a JavaFX scene
10:31:12.983 [JavaFX Application Thread] DEBUG PrimaryStageWindow   - Target settings size: 800.0 x 600.0
10:31:12.983 [JavaFX Application Thread] DEBUG PrimaryStageWindow   - Scaled scene size:    800.0 x 600.0
10:31:12.983 [JavaFX Application Thread] DEBUG PrimaryStageWindow   - Scaled ratio: (1.0, 1.0)
10:31:12.984 [JavaFX Application Thread] DEBUG PrimaryStageWindow   - Set initial scene to FXGLStartupScene
10:31:12.987 [JavaFX Application Thread] DEBUG PrimaryStageWindow   - Opening main window
10:31:13.070 [JavaFX Application Thread] DEBUG PrimaryStageWindow   - Window border size: (16.0, 39.0)
10:31:13.070 [JavaFX Application Thread] DEBUG PrimaryStageWindow   - Scaled size: 800.0 x 600.0
10:31:13.071 [JavaFX Application Thread] DEBUG PrimaryStageWindow   - Scaled ratio: (1.0, 1.0)
10:31:13.071 [JavaFX Application Thread] DEBUG PrimaryStageWindow   - Scene size: 800.0 x 600.0
10:31:13.071 [JavaFX Application Thread] DEBUG PrimaryStageWindow   - Stage size: 816.0 x 639.0
10:31:13.077 [FXGL Background Thread 1 ] DEBUG Engine               - Initializing environment variables
10:31:13.160 [FXGL Background Thread 1 ] DEBUG FXGLAssetLoaderServi - User app class for loading assets: class week9.SDL2Main
10:31:13.160 [FXGL Background Thread 1 ] DEBUG GameApplicationServi - Applying CSS: fxgl_dark.css
10:31:13.161 [FXGL Background Thread 1 ] DEBUG FXGLAssetLoaderServi - Loading from file system: jar:file:/C:/Users/ab1184/.m2/repository/com/github/almasb/fxgl/25+dev-SNAPSHOT/fxgl-25+dev-20250207.182227-19.jar!/fxglassets/ui/css/fxgl_dark.css
10:31:13.196 [FXGL Background Thread 1 ] DEBUG GameApplicationServi - Initializing application scenes
10:31:13.231 [FXGL Background Thread 1 ] DEBUG GameWorld            - Game world initialized
10:31:13.282 [FXGL Background Thread 1 ] DEBUG PhysicsWorld         - Physics world initialized: appHeight=600, physics.ppm=50.0
10:31:13.282 [FXGL Background Thread 1 ] DEBUG PhysicsWorld         - Using strategy: BRUTE_FORCE
10:31:13.286 [FXGL Background Thread 1 ] DEBUG GameScene            - Game scene initialized: 800x600
10:31:13.295 [FXGL Background Thread 1 ] DEBUG FXGL.DefaultMenu     - createMenuBodyGameMenu()
10:31:13.307 [FXGL Background Thread 1 ] DEBUG FXGL.DefaultMenu     - createOptionsMenu()
10:31:13.314 [FXGL Background Thread 1 ] DEBUG FXGLAssetLoaderServi - Loading from file system: jar:file:/C:/Users/ab1184/.m2/repository/com/github/almasb/fxgl/25+dev-SNAPSHOT/fxgl-25+dev-20250207.182227-19.jar!/fxglassets/textures/particles/smoke.png
10:31:13.386 [FXGL Background Thread 1 ] DEBUG FXGLAssetLoaderServi - Loading from file system: jar:file:/C:/Users/ab1184/.m2/repository/com/github/almasb/fxgl/25+dev-SNAPSHOT/fxgl-25+dev-20250207.182227-19.jar!/fxglassets/textures/particles/trace_horizontal.png
10:31:13.404 [FXGL Background Thread 1 ] DEBUG GameApplicationServi - Application scenes initialized
10:31:13.414 [FXGL Background Thread 1 ] DEBUG SystemBundleService  - Loading FXGL system data
10:31:13.419 [FXGL Background Thread 1 ] DEBUG FileSystemAccess     - Reading from: C:\Users\ab1184\IdeaProjects\CI646Maven\system\fxgl.bundle
10:31:13.425 [FXGL Background Thread 1 ] DEBUG SystemBundleService  - Bundle FXGL: {}
10:31:13.425 [FXGL Background Thread 1 ] DEBUG UpdaterService       - Checking for updates
10:31:13.428 [FXGL Background Thread 4 ] DEBUG FXGLApplication      - Loading fonts
10:31:13.429 [FXGL Background Thread 4 ] DEBUG FXGLAssetLoaderServi - Loading from file system: jar:file:/C:/Users/ab1184/.m2/repository/com/github/almasb/fxgl/25+dev-SNAPSHOT/fxgl-25+dev-20250207.182227-19.jar!/fxglassets/ui/fonts/VarelaRound-Regular.ttf
10:31:13.429 [FXGL Background Thread 1 ] DEBUG FXGLApplication      - Loading default localization
10:31:13.429 [FXGL Background Thread 1 ] DEBUG FXGLAssetLoaderServi - Loading from file system: jar:file:/C:/Users/ab1184/.m2/repository/com/github/almasb/fxgl/25+dev-SNAPSHOT/fxgl-25+dev-20250207.182227-19.jar!/fxglassets/languages/english.lang
10:31:13.449 [FXGL Background Thread 1 ] INFO  FXGLApplication      - FXGL initialization took: 0.372 sec
10:31:13.450 [JavaFX Application Thread] DEBUG FXGLAssetLoaderServi - Loading from file system: jar:file:/C:/Users/ab1184/.m2/repository/com/github/almasb/fxgl/25+dev-SNAPSHOT/fxgl-25+dev-20250207.182227-19.jar!/fxglassets/textures/fxgl_icon.png
10:31:13.460 [FXGL Background Thread 4 ] DEBUG FXGLAssetLoaderServi - Loading from file system: jar:file:/C:/Users/ab1184/.m2/repository/com/github/almasb/fxgl/25+dev-SNAPSHOT/fxgl-25+dev-20250207.182227-19.jar!/fxglassets/ui/fonts/Abel-Regular.ttf
10:31:13.466 [JavaFX Application Thread] DEBUG FXGLAssetLoaderServi - Loading from file system: jar:file:/C:/Users/ab1184/.m2/repository/com/github/almasb/fxgl/25+dev-SNAPSHOT/fxgl-25+dev-20250207.182227-19.jar!/fxglassets/textures/fxgl_default_cursor.png
10:31:13.468 [FXGL Background Thread 4 ] DEBUG FXGLAssetLoaderServi - Loading from file system: jar:file:/C:/Users/ab1184/.m2/repository/com/github/almasb/fxgl/25+dev-SNAPSHOT/fxgl-25+dev-20250207.182227-19.jar!/fxglassets/ui/fonts/TerminalLandMono-Regular.otf
10:31:13.474 [FXGL Background Thread 4 ] DEBUG FXGLAssetLoaderServi - Loading from file system: jar:file:/C:/Users/ab1184/.m2/repository/com/github/almasb/fxgl/25+dev-SNAPSHOT/fxgl-25+dev-20250207.182227-19.jar!/fxglassets/ui/fonts/Courier-Prime.ttf
10:31:13.477 [JavaFX Application Thread] DEBUG Input                - Registered new binding: Screenshot - CTRL+8
10:31:13.477 [JavaFX Application Thread] DEBUG Input                - Registered new binding: System info dump - CTRL+9
10:31:13.478 [JavaFX Application Thread] DEBUG Input                - Registered new binding: Restart - CTRL+R
10:31:13.478 [JavaFX Application Thread] DEBUG Input                - Registered new binding: Toggle Debug Camera - CTRL+7
10:31:13.481 [JavaFX Application Thread] DEBUG LoopRunner           - Starting loop
10:31:13.481 [JavaFX Application Thread] DEBUG LoopRunner           - Initializing JavaFX AnimationTimerLoop
10:31:13.483 [JavaFX Application Thread] DEBUG GameApplicationServi - Starting new game
10:31:13.483 [JavaFX Application Thread] DEBUG Input                - Clearing active input actions
10:31:13.493 [JavaFX Application Thread] DEBUG GameApplicationServi - Removing overlay from FXGLStartupScene and adding to FXGLLoadingScene
10:31:13.494 [JavaFX Application Thread] DEBUG PrimaryStageWindow   - FXGLStartupScene -> FXGLLoadingScene
10:31:13.494 [JavaFX Application Thread] DEBUG GameApplicationServi - Clearing previous game
10:31:13.494 [JavaFX Application Thread] DEBUG GameScene            - Clearing game scene
10:31:13.494 [JavaFX Application Thread] DEBUG GameWorld            - Clearing game world
10:31:13.494 [JavaFX Application Thread] DEBUG PhysicsWorld         - Clearing physics world
10:31:13.497 [FXGL Background Thread 4 ] DEBUG FXGLApplication      - Initializing game
10:31:13.500 [FXGL Background Thread 4 ] INFO  FXGLApplication      - Game initialization took: 0.003 sec
10:31:13.500 [FFCThread-0              ] DEBUG ForeignFunctionCalle - Starting native setup task
10:31:13.516 [FFCThread-0              ] DEBUG ForeignFunctionCalle - Native libs loaded and context created
10:31:13.545 [JavaFX Application Thread] DEBUG Input                - Clearing active input actions
10:31:13.552 [JavaFX Application Thread] DEBUG GameApplicationServi - Removing overlay from FXGLLoadingScene and adding to GameScene
10:31:13.553 [JavaFX Application Thread] DEBUG PrimaryStageWindow   - FXGLLoadingScene -> GameScene
10:31:13.576 [FFCThread-0              ] WARN  ForeignFunctionCalle - Native call failed
java.lang.RuntimeException: java.lang.ClassCastException: class java.lang.String cannot be cast to class java.lang.Number (java.lang.String and java.lang.Number are in module java.base of loader 'bootstrap')
	at com.almasb.fxgl.core.reflect.ForeignFunctionCaller.callImpl(ForeignFunctionCaller.java:159)
	at com.almasb.fxgl.core.reflect.ForeignFunctionCaller$ForeignFunctionContext.call(ForeignFunctionCaller.java:223)
	at week9.SDL2Main.lambda$initGame$0(SDL2Main.java:53)
	at com.almasb.fxgl.core.reflect.ForeignFunctionCaller.threadTask(ForeignFunctionCaller.java:104)
	at java.base/java.lang.Thread.run(Thread.java:1575)
Caused by: java.lang.ClassCastException: class java.lang.String cannot be cast to class java.lang.Number (java.lang.String and java.lang.Number are in module java.base of loader 'bootstrap')
	at java.base/sun.invoke.util.ValueConversions.primitiveConversion(ValueConversions.java:247)
	at java.base/sun.invoke.util.ValueConversions.unboxCharacter(ValueConversions.java:117)
	at java.base/java.lang.invoke.MethodHandle.invokeWithArguments(MethodHandle.java:735)
	at java.base/java.lang.invoke.MethodHandle.invokeWithArguments(MethodHandle.java:760)
	at com.almasb.fxgl.core.reflect.ForeignFunctionCaller.callImpl(ForeignFunctionCaller.java:156)
	... 4 more

10:31:13.842 [FXGL Background Thread 2 ] INFO  UpdaterService       - Your current version:  25+dev-SNAPSHOT
10:31:13.842 [FXGL Background Thread 2 ] INFO  UpdaterService       - Latest stable version: 21.1
10:31:16.429 [FXGL Background Thread 3 ] DEBUG Engine               - Logging environment variables
10:31:16.429 [FXGL Background Thread 3 ] DEBUG Engine               - achievements: []
10:31:16.429 [FXGL Background Thread 3 ] DEBUG Engine               - actualHeight: 600.0
10:31:16.429 [FXGL Background Thread 3 ] DEBUG Engine               - actualHeightProperty: ReadOnlyDoubleProperty [value: 600.0]
10:31:16.429 [FXGL Background Thread 3 ] DEBUG Engine               - actualWidth: 800.0
10:31:16.429 [FXGL Background Thread 3 ] DEBUG Engine               - actualWidthProperty: ReadOnlyDoubleProperty [value: 800.0]
10:31:16.429 [FXGL Background Thread 3 ] DEBUG Engine               - appIcon: fxgl_icon.png
10:31:16.429 [FXGL Background Thread 3 ] DEBUG Engine               - applicationMode: DEVELOPER
10:31:16.429 [FXGL Background Thread 3 ] DEBUG Engine               - cSSList: [fxgl_dark.css]
10:31:16.429 [FXGL Background Thread 3 ] DEBUG Engine               - collisionDetectionStrategy: BRUTE_FORCE
10:31:16.430 [FXGL Background Thread 3 ] DEBUG Engine               - configClass: Optional.empty
10:31:16.430 [FXGL Background Thread 3 ] DEBUG Engine               - credits: []
10:31:16.430 [FXGL Background Thread 3 ] DEBUG Engine               - defaultCursor: CursorInfo(imageName=fxgl_default_cursor.png, hotspotX=7.0, hotspotY=6.0)
10:31:16.430 [FXGL Background Thread 3 ] DEBUG Engine               - devBBoxColorProperty: ObjectProperty [value: 0xff0000ff]
10:31:16.430 [FXGL Background Thread 3 ] DEBUG Engine               - devEnableDebugCameraProperty: BooleanProperty [value: false]
10:31:16.430 [FXGL Background Thread 3 ] DEBUG Engine               - devSensorColorProperty: ObjectProperty [value: 0xffff00ff]
10:31:16.430 [FXGL Background Thread 3 ] DEBUG Engine               - devShowBBoxProperty: BooleanProperty [value: false]
10:31:16.431 [FXGL Background Thread 3 ] DEBUG Engine               - devShowPositionProperty: BooleanProperty [value: false]
10:31:16.431 [FXGL Background Thread 3 ] DEBUG Engine               - enabledMenuItems: []
10:31:16.431 [FXGL Background Thread 3 ] DEBUG Engine               - engineServices: [class com.almasb.fxgl.app.services.FXGLAssetLoaderService, class com.almasb.fxgl.app.FXGLApplication$GameApplicationService, class com.almasb.fxgl.app.services.FXGLDialogService, class com.almasb.fxgl.app.services.IOTaskExecutorService, class com.almasb.fxgl.io.FileSystemService, class com.almasb.fxgl.localization.LocalizationService, class com.almasb.fxgl.app.services.SystemBundleService, class com.almasb.fxgl.profile.SaveLoadService, class com.almasb.fxgl.ui.FXGLUIFactoryServiceProvider, class com.almasb.fxgl.ui.FXGLDialogFactoryServiceProvider, class com.almasb.fxgl.audio.AudioPlayer, class com.almasb.fxgl.notification.impl.NotificationServiceProvider, class com.almasb.fxgl.achievement.AchievementService, class com.almasb.fxgl.cutscene.CutsceneService, class com.almasb.fxgl.minigames.MiniGameService, class com.almasb.fxgl.net.NetService, class com.almasb.fxgl.app.services.UpdaterService, class com.almasb.fxgl.dev.DevService]
10:31:16.431 [FXGL Background Thread 3 ] DEBUG Engine               - fontGame: Abel-Regular.ttf
10:31:16.431 [FXGL Background Thread 3 ] DEBUG Engine               - fontMono: TerminalLandMono-Regular.otf
10:31:16.431 [FXGL Background Thread 3 ] DEBUG Engine               - fontSizeScaleUI: 1.0
10:31:16.431 [FXGL Background Thread 3 ] DEBUG Engine               - fontText: Courier-Prime.ttf
10:31:16.431 [FXGL Background Thread 3 ] DEBUG Engine               - fontUI: VarelaRound-Regular.ttf
10:31:16.431 [FXGL Background Thread 3 ] DEBUG Engine               - fpsRefreshRate: 500.0 ms
10:31:16.431 [FXGL Background Thread 3 ] DEBUG Engine               - fullScreen: BooleanProperty [value: false]
10:31:16.431 [FXGL Background Thread 3 ] DEBUG Engine               - gameDifficulty: MEDIUM
10:31:16.431 [FXGL Background Thread 3 ] DEBUG Engine               - gameDifficultyProperty: ObjectProperty [value: MEDIUM]
10:31:16.431 [FXGL Background Thread 3 ] DEBUG Engine               - globalMusicVolume: 0.5
10:31:16.432 [FXGL Background Thread 3 ] DEBUG Engine               - globalMusicVolumeProperty: DoubleProperty [value: 0.5]
10:31:16.432 [FXGL Background Thread 3 ] DEBUG Engine               - globalSoundVolume: 0.5
10:31:16.432 [FXGL Background Thread 3 ] DEBUG Engine               - globalSoundVolumeProperty: DoubleProperty [value: 0.5]
10:31:16.432 [FXGL Background Thread 3 ] DEBUG Engine               - height: 600
10:31:16.432 [FXGL Background Thread 3 ] DEBUG Engine               - is3D: false
10:31:16.432 [FXGL Background Thread 3 ] DEBUG Engine               - isAndroid: false
10:31:16.432 [FXGL Background Thread 3 ] DEBUG Engine               - isBrowser: false
10:31:16.432 [FXGL Background Thread 3 ] DEBUG Engine               - isClickFeedbackEnabled: false
10:31:16.432 [FXGL Background Thread 3 ] DEBUG Engine               - isCloseConfirmation: false
10:31:16.432 [FXGL Background Thread 3 ] DEBUG Engine               - isDesktop: true
10:31:16.432 [FXGL Background Thread 3 ] DEBUG Engine               - isDeveloperMenuEnabled: false
10:31:16.432 [FXGL Background Thread 3 ] DEBUG Engine               - isEmbedded: false
10:31:16.432 [FXGL Background Thread 3 ] DEBUG Engine               - isEntityPreloadEnabled: true
10:31:16.432 [FXGL Background Thread 3 ] DEBUG Engine               - isExperimentalTiledLargeMap: false
10:31:16.432 [FXGL Background Thread 3 ] DEBUG Engine               - isFileSystemWriteAllowed: true
10:31:16.432 [FXGL Background Thread 3 ] DEBUG Engine               - isFullScreenAllowed: false
10:31:16.432 [FXGL Background Thread 3 ] DEBUG Engine               - isFullScreenFromStart: false
10:31:16.432 [FXGL Background Thread 3 ] DEBUG Engine               - isGameMenuEnabled: true
10:31:16.432 [FXGL Background Thread 3 ] DEBUG Engine               - isIOS: false
10:31:16.432 [FXGL Background Thread 3 ] DEBUG Engine               - isIntroEnabled: false
10:31:16.432 [FXGL Background Thread 3 ] DEBUG Engine               - isLinux: false
10:31:16.433 [FXGL Background Thread 3 ] DEBUG Engine               - isMac: false
10:31:16.433 [FXGL Background Thread 3 ] DEBUG Engine               - isMainMenuEnabled: false
10:31:16.433 [FXGL Background Thread 3 ] DEBUG Engine               - isManualResizeEnabled: false
10:31:16.433 [FXGL Background Thread 3 ] DEBUG Engine               - isMobile: false
10:31:16.433 [FXGL Background Thread 3 ] DEBUG Engine               - isNative: false
10:31:16.433 [FXGL Background Thread 3 ] DEBUG Engine               - isPauseMusicWhenMinimized: true
10:31:16.433 [FXGL Background Thread 3 ] DEBUG Engine               - isPreserveResizeRatio: false
10:31:16.433 [FXGL Background Thread 3 ] DEBUG Engine               - isProfilingEnabled: false
10:31:16.433 [FXGL Background Thread 3 ] DEBUG Engine               - isScaleAffectedOnResize: true
10:31:16.433 [FXGL Background Thread 3 ] DEBUG Engine               - isSingleStep: false
10:31:16.433 [FXGL Background Thread 3 ] DEBUG Engine               - isUserProfileEnabled: false
10:31:16.433 [FXGL Background Thread 3 ] DEBUG Engine               - isWindows: true
10:31:16.433 [FXGL Background Thread 3 ] DEBUG Engine               - language: ObjectProperty [value: ENGLISH]
10:31:16.433 [FXGL Background Thread 3 ] DEBUG Engine               - menuKey: ESCAPE
10:31:16.433 [FXGL Background Thread 3 ] DEBUG Engine               - mouseSensitivity: 0.2
10:31:16.433 [FXGL Background Thread 3 ] DEBUG Engine               - notificationViewClass: class com.almasb.fxgl.notification.view.XboxNotificationView
10:31:16.433 [FXGL Background Thread 3 ] DEBUG Engine               - pixelsPerMeter: 50.0
10:31:16.433 [FXGL Background Thread 3 ] DEBUG Engine               - platform: WINDOWS
10:31:16.433 [FXGL Background Thread 3 ] DEBUG Engine               - prefHeightProperty: ReadOnlyDoubleProperty [value: 600.0]
10:31:16.433 [FXGL Background Thread 3 ] DEBUG Engine               - prefWidthProperty: ReadOnlyDoubleProperty [value: 800.0]
10:31:16.433 [FXGL Background Thread 3 ] DEBUG Engine               - profileDir: profiles/
10:31:16.433 [FXGL Background Thread 3 ] DEBUG Engine               - profileName: StringProperty [value: DEFAULT]
10:31:16.433 [FXGL Background Thread 3 ] DEBUG Engine               - randomSeed: -1
10:31:16.434 [FXGL Background Thread 3 ] DEBUG Engine               - runtimeInfo: RuntimeInfo(platform=WINDOWS, version=25+dev-SNAPSHOT, build=07.02.2025 18.22)
10:31:16.434 [FXGL Background Thread 3 ] DEBUG Engine               - saveFileExt: sav
10:31:16.434 [FXGL Background Thread 3 ] DEBUG Engine               - scaledHeightProp$fxgl: DoubleProperty [bound, value: 600.0]
10:31:16.434 [FXGL Background Thread 3 ] DEBUG Engine               - scaledWidthProp$fxgl: DoubleProperty [bound, value: 800.0]
10:31:16.434 [FXGL Background Thread 3 ] DEBUG Engine               - sceneFactory: com.almasb.fxgl.app.scene.SceneFactory@20b4cb4c
10:31:16.434 [FXGL Background Thread 3 ] DEBUG Engine               - secondsIn24h: 60
10:31:16.434 [FXGL Background Thread 3 ] DEBUG Engine               - soundMenuBack: menu/back.wav
10:31:16.434 [FXGL Background Thread 3 ] DEBUG Engine               - soundMenuPress: menu/press.wav
10:31:16.434 [FXGL Background Thread 3 ] DEBUG Engine               - soundMenuSelect: menu/select.wav
10:31:16.434 [FXGL Background Thread 3 ] DEBUG Engine               - soundNotification: core/notification.wav
10:31:16.434 [FXGL Background Thread 3 ] DEBUG Engine               - stageStyle: DECORATED
10:31:16.434 [FXGL Background Thread 3 ] DEBUG Engine               - supportedLanguages: [ENGLISH, FRENCH, GERMAN, HUNGARIAN, RUSSIAN]
10:31:16.434 [FXGL Background Thread 3 ] DEBUG Engine               - ticksPerSecond: -1
10:31:16.434 [FXGL Background Thread 3 ] DEBUG Engine               - title: Untitled
10:31:16.434 [FXGL Background Thread 3 ] DEBUG Engine               - urlGithub: https://github.com/AlmasB/FXGL
10:31:16.434 [FXGL Background Thread 3 ] DEBUG Engine               - urlLeaderboard: http://fxgl-top.herokuapp.com/
10:31:16.434 [FXGL Background Thread 3 ] DEBUG Engine               - urlPOM: https://raw.githubusercontent.com/AlmasB/FXGL/release/README.md
10:31:16.434 [FXGL Background Thread 3 ] DEBUG Engine               - userAppClass: class week9.SDL2Main
10:31:16.434 [FXGL Background Thread 3 ] DEBUG Engine               - version: 0.0
10:31:16.435 [FXGL Background Thread 3 ] DEBUG Engine               - versionCheckDays: 7
10:31:16.435 [FXGL Background Thread 3 ] DEBUG Engine               - width: 800
10:31:16.435 [FXGL Background Thread 3 ] DEBUG Engine               - Logging services
10:31:16.435 [FXGL Background Thread 3 ] DEBUG Engine               - class com.almasb.fxgl.app.services.FXGLAssetLoaderService
10:31:16.435 [FXGL Background Thread 3 ] DEBUG Engine               - class com.almasb.fxgl.app.FXGLApplication$GameApplicationService
10:31:16.435 [FXGL Background Thread 3 ] DEBUG Engine               - class com.almasb.fxgl.app.services.FXGLDialogService
10:31:16.435 [FXGL Background Thread 3 ] DEBUG Engine               - class com.almasb.fxgl.app.services.IOTaskExecutorService
10:31:16.435 [FXGL Background Thread 3 ] DEBUG Engine               - class com.almasb.fxgl.io.FileSystemService
10:31:16.435 [FXGL Background Thread 3 ] DEBUG Engine               - class com.almasb.fxgl.localization.LocalizationService
10:31:16.435 [FXGL Background Thread 3 ] DEBUG Engine               - class com.almasb.fxgl.app.services.SystemBundleService
10:31:16.435 [FXGL Background Thread 3 ] DEBUG Engine               - class com.almasb.fxgl.profile.SaveLoadService
10:31:16.435 [FXGL Background Thread 3 ] DEBUG Engine               - class com.almasb.fxgl.ui.FXGLUIFactoryServiceProvider
10:31:16.435 [FXGL Background Thread 3 ] DEBUG Engine               - class com.almasb.fxgl.ui.FXGLDialogFactoryServiceProvider
10:31:16.435 [FXGL Background Thread 3 ] DEBUG Engine               - class com.almasb.fxgl.audio.AudioPlayer
10:31:16.435 [FXGL Background Thread 3 ] DEBUG Engine               - class com.almasb.fxgl.notification.impl.NotificationServiceProvider
10:31:16.435 [FXGL Background Thread 3 ] DEBUG Engine               - class com.almasb.fxgl.achievement.AchievementService
10:31:16.435 [FXGL Background Thread 3 ] DEBUG Engine               - class com.almasb.fxgl.cutscene.CutsceneService
10:31:16.435 [FXGL Background Thread 3 ] DEBUG Engine               - class com.almasb.fxgl.minigames.MiniGameService
10:31:16.435 [FXGL Background Thread 3 ] DEBUG Engine               - class com.almasb.fxgl.net.NetService
10:31:16.435 [FXGL Background Thread 3 ] DEBUG Engine               - class com.almasb.fxgl.app.services.UpdaterService
10:31:16.435 [FXGL Background Thread 3 ] DEBUG Engine               - class com.almasb.fxgl.dev.DevService
10:31:37.841 [JavaFX Application Thread] DEBUG FXGLApplication      - Exiting FXGL
10:31:37.841 [JavaFX Application Thread] DEBUG LoopRunner           - Stopping loop
10:31:37.841 [JavaFX Application Thread] DEBUG SystemBundleService  - Saving FXGL system data
10:31:37.844 [JavaFX Application Thread] DEBUG FileSystemAccess     - Writing to: C:\Users\ab1184\IdeaProjects\CI646Maven\system\fxgl.bundle
10:31:37.846 [JavaFX Application Thread] DEBUG Async                - Shutting down background threads
10:31:37.846 [JavaFX Application Thread] DEBUG PrimaryStageWindow   - Closing main window
10:31:37.856 [JavaFX Application Thread] DEBUG Logger               - Closing Logger
