10:16:56.423 [main                     ] DEBUG Logger               - Configured Logger
10:16:56.441 [main                     ] DEBUG GameApplication      - Logging settings
Title: Untitled
Version: 0.0
Width: 800
Height: 600
Fullscreen: false
Intro: false
Profiling: false
Single step:false
App Mode: DEVELOPER
Menu Key: ESCAPE
Stage Style: DECORATED
Scene Factory: class com.almasb.fxgl.app.scene.SceneFactory

10:16:56.797 [JavaFX Application Thread] DEBUG FXGLApplication      - Initializing FXGL
10:16:56.800 [JavaFX Application Thread] INFO  Engine               - FXGL-25+dev-SNAPSHOT (07.02.2025 18.22) on WINDOWS (J:23.0.2 FX:21.0.1)
10:16:56.800 [JavaFX Application Thread] DEBUG Engine               - JRE Vendor Name: Oracle Corporation
10:16:56.801 [JavaFX Application Thread] DEBUG Engine               - Running on OS: Windows 10 version 10.0
10:16:56.801 [JavaFX Application Thread] DEBUG Engine               - Architecture: amd64
10:16:56.801 [JavaFX Application Thread] INFO  Engine               - Source code and latest versions at: https://github.com/AlmasB/FXGL
10:16:56.801 [JavaFX Application Thread] INFO  Engine               -       Ask questions and discuss at: https://github.com/AlmasB/FXGL/discussions
10:16:56.899 [JavaFX Application Thread] DEBUG PrimaryStageWindow   - Creating a JavaFX scene
10:16:56.942 [JavaFX Application Thread] DEBUG PrimaryStageWindow   - Target settings size: 800.0 x 600.0
10:16:56.942 [JavaFX Application Thread] DEBUG PrimaryStageWindow   - Scaled scene size:    800.0 x 600.0
10:16:56.942 [JavaFX Application Thread] DEBUG PrimaryStageWindow   - Scaled ratio: (1.0, 1.0)
10:16:56.943 [JavaFX Application Thread] DEBUG PrimaryStageWindow   - Set initial scene to FXGLStartupScene
10:16:56.946 [JavaFX Application Thread] DEBUG PrimaryStageWindow   - Opening main window
10:16:57.021 [JavaFX Application Thread] DEBUG PrimaryStageWindow   - Window border size: (16.0, 39.0)
10:16:57.021 [JavaFX Application Thread] DEBUG PrimaryStageWindow   - Scaled size: 800.0 x 600.0
10:16:57.022 [JavaFX Application Thread] DEBUG PrimaryStageWindow   - Scaled ratio: (1.0, 1.0)
10:16:57.022 [JavaFX Application Thread] DEBUG PrimaryStageWindow   - Scene size: 800.0 x 600.0
10:16:57.022 [JavaFX Application Thread] DEBUG PrimaryStageWindow   - Stage size: 816.0 x 639.0
10:16:57.029 [FXGL Background Thread 1 ] DEBUG Engine               - Initializing environment variables
10:16:57.111 [FXGL Background Thread 1 ] DEBUG FXGLAssetLoaderServi - User app class for loading assets: class week9.Week9Main
10:16:57.111 [FXGL Background Thread 1 ] DEBUG GameApplicationServi - Applying CSS: fxgl_dark.css
10:16:57.112 [FXGL Background Thread 1 ] DEBUG FXGLAssetLoaderServi - Loading from file system: jar:file:/C:/Users/ab1184/.m2/repository/com/github/almasb/fxgl/25+dev-SNAPSHOT/fxgl-25+dev-20250207.182227-19.jar!/fxglassets/ui/css/fxgl_dark.css
10:16:57.147 [FXGL Background Thread 1 ] DEBUG GameApplicationServi - Initializing application scenes
10:16:57.181 [FXGL Background Thread 1 ] DEBUG GameWorld            - Game world initialized
10:16:57.230 [FXGL Background Thread 1 ] DEBUG PhysicsWorld         - Physics world initialized: appHeight=600, physics.ppm=50.0
10:16:57.230 [FXGL Background Thread 1 ] DEBUG PhysicsWorld         - Using strategy: BRUTE_FORCE
10:16:57.235 [FXGL Background Thread 1 ] DEBUG GameScene            - Game scene initialized: 800x600
10:16:57.246 [FXGL Background Thread 1 ] DEBUG FXGL.DefaultMenu     - createMenuBodyGameMenu()
10:16:57.259 [FXGL Background Thread 1 ] DEBUG FXGL.DefaultMenu     - createOptionsMenu()
10:16:57.266 [FXGL Background Thread 1 ] DEBUG FXGLAssetLoaderServi - Loading from file system: jar:file:/C:/Users/ab1184/.m2/repository/com/github/almasb/fxgl/25+dev-SNAPSHOT/fxgl-25+dev-20250207.182227-19.jar!/fxglassets/textures/particles/smoke.png
10:16:57.342 [FXGL Background Thread 1 ] DEBUG FXGLAssetLoaderServi - Loading from file system: jar:file:/C:/Users/ab1184/.m2/repository/com/github/almasb/fxgl/25+dev-SNAPSHOT/fxgl-25+dev-20250207.182227-19.jar!/fxglassets/textures/particles/trace_horizontal.png
10:16:57.363 [FXGL Background Thread 1 ] DEBUG GameApplicationServi - Application scenes initialized
10:16:57.374 [FXGL Background Thread 1 ] DEBUG SystemBundleService  - Loading FXGL system data
10:16:57.378 [FXGL Background Thread 1 ] DEBUG FileSystemAccess     - Reading from: C:\Users\ab1184\IdeaProjects\CI646Maven\system\fxgl.bundle
10:16:57.383 [FXGL Background Thread 1 ] DEBUG SystemBundleService  - Bundle FXGL: {}
10:16:57.383 [FXGL Background Thread 1 ] DEBUG UpdaterService       - Checking for updates
10:16:57.387 [FXGL Background Thread 4 ] DEBUG FXGLApplication      - Loading fonts
10:16:57.387 [FXGL Background Thread 4 ] DEBUG FXGLAssetLoaderServi - Loading from file system: jar:file:/C:/Users/ab1184/.m2/repository/com/github/almasb/fxgl/25+dev-SNAPSHOT/fxgl-25+dev-20250207.182227-19.jar!/fxglassets/ui/fonts/VarelaRound-Regular.ttf
10:16:57.387 [FXGL Background Thread 1 ] DEBUG FXGLApplication      - Loading default localization
10:16:57.388 [FXGL Background Thread 1 ] DEBUG FXGLAssetLoaderServi - Loading from file system: jar:file:/C:/Users/ab1184/.m2/repository/com/github/almasb/fxgl/25+dev-SNAPSHOT/fxgl-25+dev-20250207.182227-19.jar!/fxglassets/languages/english.lang
10:16:57.405 [FXGL Background Thread 1 ] INFO  FXGLApplication      - FXGL initialization took: 0.375 sec
10:16:57.406 [JavaFX Application Thread] DEBUG FXGLAssetLoaderServi - Loading from file system: jar:file:/C:/Users/ab1184/.m2/repository/com/github/almasb/fxgl/25+dev-SNAPSHOT/fxgl-25+dev-20250207.182227-19.jar!/fxglassets/textures/fxgl_icon.png
10:16:57.416 [FXGL Background Thread 4 ] DEBUG FXGLAssetLoaderServi - Loading from file system: jar:file:/C:/Users/ab1184/.m2/repository/com/github/almasb/fxgl/25+dev-SNAPSHOT/fxgl-25+dev-20250207.182227-19.jar!/fxglassets/ui/fonts/Abel-Regular.ttf
10:16:57.422 [FXGL Background Thread 4 ] DEBUG FXGLAssetLoaderServi - Loading from file system: jar:file:/C:/Users/ab1184/.m2/repository/com/github/almasb/fxgl/25+dev-SNAPSHOT/fxgl-25+dev-20250207.182227-19.jar!/fxglassets/ui/fonts/TerminalLandMono-Regular.otf
10:16:57.424 [JavaFX Application Thread] DEBUG FXGLAssetLoaderServi - Loading from file system: jar:file:/C:/Users/ab1184/.m2/repository/com/github/almasb/fxgl/25+dev-SNAPSHOT/fxgl-25+dev-20250207.182227-19.jar!/fxglassets/textures/fxgl_default_cursor.png
10:16:57.429 [FXGL Background Thread 4 ] DEBUG FXGLAssetLoaderServi - Loading from file system: jar:file:/C:/Users/ab1184/.m2/repository/com/github/almasb/fxgl/25+dev-SNAPSHOT/fxgl-25+dev-20250207.182227-19.jar!/fxglassets/ui/fonts/Courier-Prime.ttf
10:16:57.434 [JavaFX Application Thread] DEBUG Input                - Registered new binding: Screenshot - CTRL+8
10:16:57.434 [JavaFX Application Thread] DEBUG Input                - Registered new binding: System info dump - CTRL+9
10:16:57.435 [JavaFX Application Thread] DEBUG Input                - Registered new binding: Restart - CTRL+R
10:16:57.436 [JavaFX Application Thread] DEBUG Input                - Registered new binding: Toggle Debug Camera - CTRL+7
10:16:57.439 [JavaFX Application Thread] DEBUG LoopRunner           - Starting loop
10:16:57.439 [JavaFX Application Thread] DEBUG LoopRunner           - Initializing JavaFX AnimationTimerLoop
10:16:57.440 [JavaFX Application Thread] DEBUG GameApplicationServi - Starting new game
10:16:57.440 [JavaFX Application Thread] DEBUG Input                - Clearing active input actions
10:16:57.448 [JavaFX Application Thread] DEBUG GameApplicationServi - Removing overlay from FXGLStartupScene and adding to FXGLLoadingScene
10:16:57.449 [JavaFX Application Thread] DEBUG PrimaryStageWindow   - FXGLStartupScene -> FXGLLoadingScene
10:16:57.449 [JavaFX Application Thread] DEBUG GameApplicationServi - Clearing previous game
10:16:57.449 [JavaFX Application Thread] DEBUG GameScene            - Clearing game scene
10:16:57.449 [JavaFX Application Thread] DEBUG GameWorld            - Clearing game world
10:16:57.449 [JavaFX Application Thread] DEBUG PhysicsWorld         - Clearing physics world
10:16:57.450 [FXGL Background Thread 4 ] DEBUG FXGLApplication      - Initializing game
10:16:57.450 [JavaFX Application Thread] DEBUG FXGLApplication      - Registering font factories with UI factory
10:16:57.453 [FXGL Background Thread 4 ] INFO  FXGLApplication      - Game initialization took: 0.003 sec
10:16:57.453 [FFCThread-0              ] DEBUG ForeignFunctionCalle - Starting native setup task
10:16:57.470 [FFCThread-0              ] DEBUG ForeignFunctionCalle - Native libs loaded and context created
10:16:57.497 [JavaFX Application Thread] DEBUG Input                - Clearing active input actions
10:16:57.501 [JavaFX Application Thread] DEBUG GameApplicationServi - Removing overlay from FXGLLoadingScene and adding to GameScene
10:16:57.501 [JavaFX Application Thread] DEBUG PrimaryStageWindow   - FXGLLoadingScene -> GameScene
10:16:57.730 [FXGL Background Thread 2 ] INFO  UpdaterService       - Your current version:  25+dev-SNAPSHOT
10:16:57.730 [FXGL Background Thread 2 ] INFO  UpdaterService       - Latest stable version: 21.1
10:17:00.386 [FXGL Background Thread 3 ] DEBUG Engine               - Logging environment variables
10:17:00.387 [FXGL Background Thread 3 ] DEBUG Engine               - achievements: []
10:17:00.387 [FXGL Background Thread 3 ] DEBUG Engine               - actualHeight: 600.0
10:17:00.388 [FXGL Background Thread 3 ] DEBUG Engine               - actualHeightProperty: ReadOnlyDoubleProperty [value: 600.0]
10:17:00.388 [FXGL Background Thread 3 ] DEBUG Engine               - actualWidth: 800.0
10:17:00.388 [FXGL Background Thread 3 ] DEBUG Engine               - actualWidthProperty: ReadOnlyDoubleProperty [value: 800.0]
10:17:00.388 [FXGL Background Thread 3 ] DEBUG Engine               - appIcon: fxgl_icon.png
10:17:00.388 [FXGL Background Thread 3 ] DEBUG Engine               - applicationMode: DEVELOPER
10:17:00.388 [FXGL Background Thread 3 ] DEBUG Engine               - cSSList: [fxgl_dark.css]
10:17:00.388 [FXGL Background Thread 3 ] DEBUG Engine               - collisionDetectionStrategy: BRUTE_FORCE
10:17:00.389 [FXGL Background Thread 3 ] DEBUG Engine               - configClass: Optional.empty
10:17:00.389 [FXGL Background Thread 3 ] DEBUG Engine               - credits: []
10:17:00.390 [FXGL Background Thread 3 ] DEBUG Engine               - defaultCursor: CursorInfo(imageName=fxgl_default_cursor.png, hotspotX=7.0, hotspotY=6.0)
10:17:00.390 [FXGL Background Thread 3 ] DEBUG Engine               - devBBoxColorProperty: ObjectProperty [value: 0xff0000ff]
10:17:00.390 [FXGL Background Thread 3 ] DEBUG Engine               - devEnableDebugCameraProperty: BooleanProperty [value: false]
10:17:00.390 [FXGL Background Thread 3 ] DEBUG Engine               - devSensorColorProperty: ObjectProperty [value: 0xffff00ff]
10:17:00.391 [FXGL Background Thread 3 ] DEBUG Engine               - devShowBBoxProperty: BooleanProperty [value: false]
10:17:00.391 [FXGL Background Thread 3 ] DEBUG Engine               - devShowPositionProperty: BooleanProperty [value: false]
10:17:00.391 [FXGL Background Thread 3 ] DEBUG Engine               - enabledMenuItems: []
10:17:00.391 [FXGL Background Thread 3 ] DEBUG Engine               - engineServices: [class com.almasb.fxgl.app.services.FXGLAssetLoaderService, class com.almasb.fxgl.app.FXGLApplication$GameApplicationService, class com.almasb.fxgl.app.services.FXGLDialogService, class com.almasb.fxgl.app.services.IOTaskExecutorService, class com.almasb.fxgl.io.FileSystemService, class com.almasb.fxgl.localization.LocalizationService, class com.almasb.fxgl.app.services.SystemBundleService, class com.almasb.fxgl.profile.SaveLoadService, class com.almasb.fxgl.ui.FXGLUIFactoryServiceProvider, class com.almasb.fxgl.ui.FXGLDialogFactoryServiceProvider, class com.almasb.fxgl.audio.AudioPlayer, class com.almasb.fxgl.notification.impl.NotificationServiceProvider, class com.almasb.fxgl.achievement.AchievementService, class com.almasb.fxgl.cutscene.CutsceneService, class com.almasb.fxgl.minigames.MiniGameService, class com.almasb.fxgl.net.NetService, class com.almasb.fxgl.app.services.UpdaterService, class com.almasb.fxgl.dev.DevService]
10:17:00.391 [FXGL Background Thread 3 ] DEBUG Engine               - fontGame: Abel-Regular.ttf
10:17:00.391 [FXGL Background Thread 3 ] DEBUG Engine               - fontMono: TerminalLandMono-Regular.otf
10:17:00.392 [FXGL Background Thread 3 ] DEBUG Engine               - fontSizeScaleUI: 1.0
10:17:00.392 [FXGL Background Thread 3 ] DEBUG Engine               - fontText: Courier-Prime.ttf
10:17:00.392 [FXGL Background Thread 3 ] DEBUG Engine               - fontUI: VarelaRound-Regular.ttf
10:17:00.392 [FXGL Background Thread 3 ] DEBUG Engine               - fpsRefreshRate: 500.0 ms
10:17:00.392 [FXGL Background Thread 3 ] DEBUG Engine               - fullScreen: BooleanProperty [value: false]
10:17:00.392 [FXGL Background Thread 3 ] DEBUG Engine               - gameDifficulty: MEDIUM
10:17:00.392 [FXGL Background Thread 3 ] DEBUG Engine               - gameDifficultyProperty: ObjectProperty [value: MEDIUM]
10:17:00.392 [FXGL Background Thread 3 ] DEBUG Engine               - globalMusicVolume: 0.5
10:17:00.392 [FXGL Background Thread 3 ] DEBUG Engine               - globalMusicVolumeProperty: DoubleProperty [value: 0.5]
10:17:00.392 [FXGL Background Thread 3 ] DEBUG Engine               - globalSoundVolume: 0.5
10:17:00.392 [FXGL Background Thread 3 ] DEBUG Engine               - globalSoundVolumeProperty: DoubleProperty [value: 0.5]
10:17:00.392 [FXGL Background Thread 3 ] DEBUG Engine               - height: 600
10:17:00.392 [FXGL Background Thread 3 ] DEBUG Engine               - is3D: false
10:17:00.392 [FXGL Background Thread 3 ] DEBUG Engine               - isAndroid: false
10:17:00.392 [FXGL Background Thread 3 ] DEBUG Engine               - isBrowser: false
10:17:00.392 [FXGL Background Thread 3 ] DEBUG Engine               - isClickFeedbackEnabled: false
10:17:00.392 [FXGL Background Thread 3 ] DEBUG Engine               - isCloseConfirmation: false
10:17:00.392 [FXGL Background Thread 3 ] DEBUG Engine               - isDesktop: true
10:17:00.392 [FXGL Background Thread 3 ] DEBUG Engine               - isDeveloperMenuEnabled: false
10:17:00.392 [FXGL Background Thread 3 ] DEBUG Engine               - isEmbedded: false
10:17:00.392 [FXGL Background Thread 3 ] DEBUG Engine               - isEntityPreloadEnabled: true
10:17:00.393 [FXGL Background Thread 3 ] DEBUG Engine               - isExperimentalTiledLargeMap: false
10:17:00.393 [FXGL Background Thread 3 ] DEBUG Engine               - isFileSystemWriteAllowed: true
10:17:00.393 [FXGL Background Thread 3 ] DEBUG Engine               - isFullScreenAllowed: false
10:17:00.393 [FXGL Background Thread 3 ] DEBUG Engine               - isFullScreenFromStart: false
10:17:00.393 [FXGL Background Thread 3 ] DEBUG Engine               - isGameMenuEnabled: true
10:17:00.393 [FXGL Background Thread 3 ] DEBUG Engine               - isIOS: false
10:17:00.393 [FXGL Background Thread 3 ] DEBUG Engine               - isIntroEnabled: false
10:17:00.393 [FXGL Background Thread 3 ] DEBUG Engine               - isLinux: false
10:17:00.393 [FXGL Background Thread 3 ] DEBUG Engine               - isMac: false
10:17:00.393 [FXGL Background Thread 3 ] DEBUG Engine               - isMainMenuEnabled: false
10:17:00.393 [FXGL Background Thread 3 ] DEBUG Engine               - isManualResizeEnabled: false
10:17:00.393 [FXGL Background Thread 3 ] DEBUG Engine               - isMobile: false
10:17:00.393 [FXGL Background Thread 3 ] DEBUG Engine               - isNative: false
10:17:00.393 [FXGL Background Thread 3 ] DEBUG Engine               - isPauseMusicWhenMinimized: true
10:17:00.393 [FXGL Background Thread 3 ] DEBUG Engine               - isPreserveResizeRatio: false
10:17:00.393 [FXGL Background Thread 3 ] DEBUG Engine               - isProfilingEnabled: false
10:17:00.393 [FXGL Background Thread 3 ] DEBUG Engine               - isScaleAffectedOnResize: true
10:17:00.393 [FXGL Background Thread 3 ] DEBUG Engine               - isSingleStep: false
10:17:00.393 [FXGL Background Thread 3 ] DEBUG Engine               - isUserProfileEnabled: false
10:17:00.393 [FXGL Background Thread 3 ] DEBUG Engine               - isWindows: true
10:17:00.394 [FXGL Background Thread 3 ] DEBUG Engine               - language: ObjectProperty [value: ENGLISH]
10:17:00.394 [FXGL Background Thread 3 ] DEBUG Engine               - menuKey: ESCAPE
10:17:00.394 [FXGL Background Thread 3 ] DEBUG Engine               - mouseSensitivity: 0.2
10:17:00.394 [FXGL Background Thread 3 ] DEBUG Engine               - notificationViewClass: class com.almasb.fxgl.notification.view.XboxNotificationView
10:17:00.394 [FXGL Background Thread 3 ] DEBUG Engine               - pixelsPerMeter: 50.0
10:17:00.394 [FXGL Background Thread 3 ] DEBUG Engine               - platform: WINDOWS
10:17:00.394 [FXGL Background Thread 3 ] DEBUG Engine               - prefHeightProperty: ReadOnlyDoubleProperty [value: 600.0]
10:17:00.394 [FXGL Background Thread 3 ] DEBUG Engine               - prefWidthProperty: ReadOnlyDoubleProperty [value: 800.0]
10:17:00.394 [FXGL Background Thread 3 ] DEBUG Engine               - profileDir: profiles/
10:17:00.394 [FXGL Background Thread 3 ] DEBUG Engine               - profileName: StringProperty [value: DEFAULT]
10:17:00.394 [FXGL Background Thread 3 ] DEBUG Engine               - randomSeed: -1
10:17:00.394 [FXGL Background Thread 3 ] DEBUG Engine               - runtimeInfo: RuntimeInfo(platform=WINDOWS, version=25+dev-SNAPSHOT, build=07.02.2025 18.22)
10:17:00.394 [FXGL Background Thread 3 ] DEBUG Engine               - saveFileExt: sav
10:17:00.394 [FXGL Background Thread 3 ] DEBUG Engine               - scaledHeightProp$fxgl: DoubleProperty [bound, value: 600.0]
10:17:00.394 [FXGL Background Thread 3 ] DEBUG Engine               - scaledWidthProp$fxgl: DoubleProperty [bound, value: 800.0]
10:17:00.394 [FXGL Background Thread 3 ] DEBUG Engine               - sceneFactory: com.almasb.fxgl.app.scene.SceneFactory@62799444
10:17:00.394 [FXGL Background Thread 3 ] DEBUG Engine               - secondsIn24h: 60
10:17:00.394 [FXGL Background Thread 3 ] DEBUG Engine               - soundMenuBack: menu/back.wav
10:17:00.394 [FXGL Background Thread 3 ] DEBUG Engine               - soundMenuPress: menu/press.wav
10:17:00.394 [FXGL Background Thread 3 ] DEBUG Engine               - soundMenuSelect: menu/select.wav
10:17:00.394 [FXGL Background Thread 3 ] DEBUG Engine               - soundNotification: core/notification.wav
10:17:00.394 [FXGL Background Thread 3 ] DEBUG Engine               - stageStyle: DECORATED
10:17:00.394 [FXGL Background Thread 3 ] DEBUG Engine               - supportedLanguages: [ENGLISH, FRENCH, GERMAN, HUNGARIAN, RUSSIAN]
10:17:00.395 [FXGL Background Thread 3 ] DEBUG Engine               - ticksPerSecond: -1
10:17:00.395 [FXGL Background Thread 3 ] DEBUG Engine               - title: Untitled
10:17:00.395 [FXGL Background Thread 3 ] DEBUG Engine               - urlGithub: https://github.com/AlmasB/FXGL
10:17:00.395 [FXGL Background Thread 3 ] DEBUG Engine               - urlLeaderboard: http://fxgl-top.herokuapp.com/
10:17:00.395 [FXGL Background Thread 3 ] DEBUG Engine               - urlPOM: https://raw.githubusercontent.com/AlmasB/FXGL/release/README.md
10:17:00.395 [FXGL Background Thread 3 ] DEBUG Engine               - userAppClass: class week9.Week9Main
10:17:00.395 [FXGL Background Thread 3 ] DEBUG Engine               - version: 0.0
10:17:00.395 [FXGL Background Thread 3 ] DEBUG Engine               - versionCheckDays: 7
10:17:00.395 [FXGL Background Thread 3 ] DEBUG Engine               - width: 800
10:17:00.395 [FXGL Background Thread 3 ] DEBUG Engine               - Logging services
10:17:00.395 [FXGL Background Thread 3 ] DEBUG Engine               - class com.almasb.fxgl.app.services.FXGLAssetLoaderService
10:17:00.395 [FXGL Background Thread 3 ] DEBUG Engine               - class com.almasb.fxgl.app.FXGLApplication$GameApplicationService
10:17:00.395 [FXGL Background Thread 3 ] DEBUG Engine               - class com.almasb.fxgl.app.services.FXGLDialogService
10:17:00.395 [FXGL Background Thread 3 ] DEBUG Engine               - class com.almasb.fxgl.app.services.IOTaskExecutorService
10:17:00.395 [FXGL Background Thread 3 ] DEBUG Engine               - class com.almasb.fxgl.io.FileSystemService
10:17:00.395 [FXGL Background Thread 3 ] DEBUG Engine               - class com.almasb.fxgl.localization.LocalizationService
10:17:00.395 [FXGL Background Thread 3 ] DEBUG Engine               - class com.almasb.fxgl.app.services.SystemBundleService
10:17:00.395 [FXGL Background Thread 3 ] DEBUG Engine               - class com.almasb.fxgl.profile.SaveLoadService
10:17:00.395 [FXGL Background Thread 3 ] DEBUG Engine               - class com.almasb.fxgl.ui.FXGLUIFactoryServiceProvider
10:17:00.395 [FXGL Background Thread 3 ] DEBUG Engine               - class com.almasb.fxgl.ui.FXGLDialogFactoryServiceProvider
10:17:00.395 [FXGL Background Thread 3 ] DEBUG Engine               - class com.almasb.fxgl.audio.AudioPlayer
10:17:00.395 [FXGL Background Thread 3 ] DEBUG Engine               - class com.almasb.fxgl.notification.impl.NotificationServiceProvider
10:17:00.395 [FXGL Background Thread 3 ] DEBUG Engine               - class com.almasb.fxgl.achievement.AchievementService
10:17:00.395 [FXGL Background Thread 3 ] DEBUG Engine               - class com.almasb.fxgl.cutscene.CutsceneService
10:17:00.395 [FXGL Background Thread 3 ] DEBUG Engine               - class com.almasb.fxgl.minigames.MiniGameService
10:17:00.395 [FXGL Background Thread 3 ] DEBUG Engine               - class com.almasb.fxgl.net.NetService
10:17:00.395 [FXGL Background Thread 3 ] DEBUG Engine               - class com.almasb.fxgl.app.services.UpdaterService
10:17:00.395 [FXGL Background Thread 3 ] DEBUG Engine               - class com.almasb.fxgl.dev.DevService
10:17:01.099 [JavaFX Application Thread] DEBUG FXGLApplication      - Exiting FXGL
10:17:01.100 [JavaFX Application Thread] DEBUG LoopRunner           - Stopping loop
10:17:01.100 [JavaFX Application Thread] DEBUG SystemBundleService  - Saving FXGL system data
10:17:01.103 [JavaFX Application Thread] DEBUG FileSystemAccess     - Writing to: C:\Users\ab1184\IdeaProjects\CI646Maven\system\fxgl.bundle
10:17:01.104 [JavaFX Application Thread] DEBUG Async                - Shutting down background threads
10:17:01.104 [JavaFX Application Thread] DEBUG PrimaryStageWindow   - Closing main window
10:17:01.112 [JavaFX Application Thread] DEBUG Logger               - Closing Logger
